9.57567346939 -33.6943253609
9.61871020408 -33.7098779278
9.66174693878 -33.7245789246
9.70478367347 -33.7381711681
9.74782040816 -33.7507703033
9.79085714286 -33.7625570606
9.83389387755 -33.7733745055
9.87693061224 -33.7834327997
9.91996734694 -33.7927123448
9.96300408163 -33.801186518
10.0060408163 -33.808801791
10.049077551 -33.8158401266
10.0921142857 -33.8221279955
10.1351510204 -33.8276955395
10.1781877551 -33.8325861387
10.2212244898 -33.8369588191
10.2642612245 -33.8406129619
10.3072979592 -33.8436817272
10.3503346939 -33.84623944
10.3933714286 -33.8483126773
10.4364081633 -33.8497337818
10.479444898 -33.8506509669
10.5224816327 -33.8511733548
10.5655183673 -33.8512379611
10.608555102 -33.8508314589
10.6515918367 -33.8499356124
10.6946285714 -33.8486824796
10.7376653061 -33.8470372328
10.7807020408 -33.8450837131
10.8237387755 -33.8426602569
10.8667755102 -33.8399339038
10.9098122449 -33.8369023481
10.9528489796 -33.8335741316
10.9958857143 -33.8299575203
11.038922449 -33.8259717428
11.0819591837 -33.8218543591
11.1249959184 -33.8174507369
11.1680326531 -33.8127502248
11.2110693878 -33.8078325721
11.2541061224 -33.8026336928
11.2971428571 -33.7973493853
11.3401795918 -33.7919323758
11.3832163265 -33.7862878115
11.4262530612 -33.7802727374
11.4692897959 -33.7742229914
11.5123265306 -33.7681232773
11.5553632653 -33.7619145616
11.5984 -33.7554358886
