fdf-debug              0     # Default value
IO.WriteOutToFile              T     # Default value
IO.OutputFile     Conquest_out     # Default value
IO.BackTraceOn              F     # Default value
IO.TimingOn              F     # Default value
IO.NewFormat              T     # Default value
IO.Iprint                        1
IO.Iprint_init              1     # Default value
IO.Iprint_mat              1     # Default value
IO.Iprint_ops              1     # Default value
IO.Iprint_DM              1     # Default value
IO.Iprint_SC              1     # Default value
IO.Iprint_minE              1     # Default value
IO.Iprint_MD              1     # Default value
IO.Iprint_MDdebug              1     # Default value
IO.Iprint_index              1     # Default value
IO.Iprint_gen              1     # Default value
IO.Iprint_pseudo              1     # Default value
IO.Iprint_basis              1     # Default value
IO.Iprint_intgn              1     # Default value
IO.Iprint_time              1     # Default value
IO.Iprint_exx              1     # Default value
IO.DumpL              T     # Default value
IO.LocalPotOutput              F     # Default value
IO.LocalPotChoice              8     # Default value
IO.AtomChargeOutput              F     # Default value
General.MemoryUnits     MB     # Default value
General.TimeThreshold         0.1000000000E-02     # Default value
IO.Title     bulk Si                                                                         
General.NewRun              T     # Default value
Basis.InitBlipFlag     pao     # Default value
General.LoadL              F     # Default value
General.LoadRho              F     # Default value
General.LoadInvS              F     # Default value
General.NetCharge          0.000000000         # Default value
IO.FractionalAtomicCoords              T     # Default value
Spin.SpinPolarised              F     # Default value
Spin.FixSpin              F     # Default value
Grid.GridCutoff          120.0000000    
Grid.PointsAlongX              0     # Default value
Grid.PointsAlongY              0     # Default value
Grid.PointsAlongZ              0     # Default value
DM.LVariations             50     # Default value
DM.n_dumpL             51     # Default value
minE.SupportVariations             10     # Default value
minE.ExpectedEnergyReduction          0.000000000         # Default value
DM.mu          0.000000000         # Default value
hamiltonian_range          0.000000000         # Default value
DM.L_range          1.000000000         # Default value
InvSRange          0.000000000         # Default value
non_local_factor          0.000000000         # Default value
Basis.SGaussExponent          0.000000000         # Default value
Basis.PGaussExponent          0.000000000         # Default value
minE.EnergyTolerance         0.1000000000E-04     # Default value
Basis.UsePulayForPAOs              F     # Default value
Grid.InBlockX              4     # Default value
Grid.InBlockY              4     # Default value
Grid.InBlockZ              4     # Default value
DM.SolutionMethod     diagon
Basis.BasisSet     PAOs      
Basis.LoadCoeffs              F     # Default value
Basis.OnsiteBlipsAnalytic              T     # Default value
Basis.AnalyticBlipIntegrals              F     # Default value
SC.MakeInitialChargeFromK              F     # Default value
SC.BeckeWeights              F     # Default value
SC.BeckeAtomicRadii              F     # Default value
General.NumberOfSpecies                        1
Basis.FlagNewAngular              T     # Default value
Basis.MultisiteSF              F     # Default value
General.PseudopotentialType     haman
General.NeutralAtom              T     # Default value
General.PAOFromFiles              F     # Default value
Atom.ValenceCharge          4.000000000    
Atom.NumberOfSupports                        4
Atom.SupportFunctionRange          7.830000000    
Atom.MultisiteRange          0.000000000         # Default value
Atom.LFDRange          0.000000000         # Default value
Atom.InvSRange          0.000000000         # Default value
Atom.NonLocalFactor          0.000000000         # Default value
Atom.SupportGridSpacing          0.000000000         # Default value
minE.GlobalTolerance              T     # Default value
minE.LTolerance         0.1000000000E-06     # Default value
minE.SCTolerance         0.1000000000E-06
DM.MaxPulay              5     # Default value
DM.MinPulayStepSize         0.1000000000E-02     # Default value
DM.MaxPulayStepSize         0.1000000000         # Default value
DM.LinTol         0.1000000000         # Default value
AtomMove.TypeOfRun     static              
AtomMove.OldBuffer              F     # Default value
AtomMove.BufferSize          4.000000000         # Default value
AtomMove.PulaySimpleStep              F     # Default value
AtomMove.ResetCG              F     # Default value
AtomMove.NumSteps            100     # Default value
AtomMove.OutputFreq             50     # Default value
AtomMove.Timestep         0.5000000000         # Default value
AtomMove.MaxForceTol         0.5000000000E-03     # Default value
AtomMove.OptCell              T
AtomMove.OptCell.Constraint     none                
AtomMove.OptCell.EnTol         0.5000000000E-06
minE.VaryBasis              F     # Default value
minE.InitStep_paomin          5.000000000         # Default value
minE.SelfConsistent              F
minE.MixedLSelfConsistent              F     # Default value
SC.LinearMixingSC              T     # Default value
SC.LinearMixingFactor         0.5000000000         # Default value
SC.LinearMixingFactor_SpinDown         0.5000000000         # Default value
SC.LinearMixingEnd         0.1000000000E-06     # Default value
SC.KerkerPreCondition              F     # Default value
SC.KerkerFactor         0.1000000000         # Default value
SC.WaveDependentMetric              F     # Default value
SC.MetricFactor         0.1000000000         # Default value
SC.LateStageReset              5     # Default value
SC.ResetDensOnAtomMove              F     # Default value
SC.ContinueOnSCFail              F     # Default value
SC.MaxIters             50     # Default value
SC.MaxEarly              3     # Default value
SC.MaxPulay              5     # Default value
SC.ReadAtomicDensityFile     read_atomic_density.dat     # Default value
SC.AtomicDensityFlag     pao     # Default value
General.MaxTempMatrices            100     # Default value
IO.outputWF              F     # Default value
IO.writeDOS              F     # Default value
cDFT.Perform_cDFT              F     # Default value
minE.DeltaSCF              F     # Default value
DM.InvSTolerance         0.1000000000E-01     # Default value
DM.InvSDeltaOmegaTolerance         0.1000000000E-03     # Default value
DM.InvSMaxSteps            100     # Default value
General.BlockAssign     Hilbert     # Default value
Grid.ReadBlocks              F     # Default value
General.EwaldAccuracy         0.1000000000E-09     # Default value
MM.UseGemm              F     # Default value
General.CheckDFT              F     # Default value
AtomMove.ReadVelocity              F     # Default value
AtomMove.QuenchMD              F     # Default value
AtomMove.IonTemperature          300.0000000         # Default value
AtomMove.FIRE              F     # Default value
Basis.PaoKspaceOlGridspace         0.1000000000         # Default value
Basis.PaoKspaceOlCutoff          1000.000000         # Default value
Basis.PAOs_StoreAllAtomsInCell              T     # Default value
Basis.SymmetryBreaking              F     # Default value
Basis.SupportPaoFile     supp_pao.dat     # Default value
Basis.PaoInfoFile     pao.dat     # Default value
Basis.PaoNormFlag              0     # Default value
Basis.TestBasisGradients              F     # Default value
Basis.TestBasisGradTot              F     # Default value
Basis.TestBasisGradBoth              F     # Default value
Basis.TestBasisGrad_S              F     # Default value
Basis.TestBasisGrad_H              F     # Default value
Basis.SupportSpecFile     support.dat     # Default value
Basis.ReadSupportSpec              F     # Default value
Basis.SpinDependentSF              F     # Default value
AtomMove.TestForces              F     # Default value
AtomMove.TestAllForces              T     # Default value
AtomMove.TestForceDirection              1     # Default value
AtomMove.TestForceAtom              1     # Default value
AtomMove.TestForceDelta         0.1000000000E-04     # Default value
General.FunctionalType                        1
EXX.MethodSCF             -1     # Default value
General.EnergyUnits     Ha     # Default value
General.DistanceUnits     bohr     # Default value
IO.PdbIn              F     # Default value
IO.PdbAltLoc           # Default value
IO.PdbOut              F     # Default value
General.PartitionMethod     Hilbert   
General.LoadBalance     atoms     # Default value
General.MaxAtomsPartition             34     # Default value
General.NPartitionsX              0     # Default value
General.NPartitionsY              0     # Default value
General.NPartitionsZ              0     # Default value
General.AverageAtomicDiameter          5.000000000         # Default value
General.GapThreshold          15.66000000         # Default value
AtomMove.AppendCoords              T     # Default value
General.DFT_D2              F     # Default value
General.only_Dispersion              F     # Default value
General.vdWDFT              F     # Default value
AtomMove.OldMemberUpdates              F     # Default value
AtomMove.Debug              F     # Default value
AtomMove.RestartRun              F     # Default value
AtomMove.ReuseSFcoeff              F     # Default value
AtomMove.ReuseL              F     # Default value
AtomMove.ReuseInvS              F     # Default value
AtomMove.SkipEarlyDM              F     # Default value
AtomMove.McWeenyFreq              0     # Default value
AtomMove.FixCentreOfMass              F     # Default value
AtomMove.ExtendedLagrangian              F     # Default value
AtomMove.RigidBonds              F     # Default value
IO.Coordinates     StretchSiCell.in                                                                
IO.PdbTemplate           # Default value
IO.Partitions     make_prt.dat                                                                         # Default value
Diag.MaxEfIter             50     # Default value
Diag.kT         0.1000000000E-02     # Default value
Diag.SmearingType              0     # Default value
Diag.MPOrder              0     # Default value
Diag.MaxBrktSteps             50     # Default value
Diag.GaussianHeight         0.1000000000         # Default value
Diag.EfStepFiness          1.000000000         # Default value
Diag.NElecLess          10.00000000         # Default value
Diag.KProcGroups              1     # Default value
Diag.MPMesh              T
Diag.MPMeshX                        6
Diag.MPMeshY                        6
Diag.MPMeshZ                        6
Diag.MPShiftX          0.000000000         # Default value
Diag.MPShiftY          0.000000000         # Default value
Diag.MPShiftZ          0.000000000         # Default value
